[0m11:20:02.379599 [debug] [MainThread]: Sending event: {'category': 'dbt', 'action': 'invocation', 'label': 'start', 'context': [<snowplow_tracker.self_describing_json.SelfDescribingJson object at 0x1094f59d0>, <snowplow_tracker.self_describing_json.SelfDescribingJson object at 0x10950e690>, <snowplow_tracker.self_describing_json.SelfDescribingJson object at 0x10950ed50>]}


============================== 11:20:02.386889 | 5da41f72-98b9-497f-ac8b-380ebbb3a797 ==============================
[0m11:20:02.386889 [info ] [MainThread]: Running with dbt=1.9.3
[0m11:20:02.387923 [debug] [MainThread]: running dbt with arguments {'printer_width': '80', 'indirect_selection': 'eager', 'write_json': 'True', 'log_cache_events': 'False', 'partial_parse': 'True', 'cache_selected_only': 'False', 'profiles_dir': '/Users/Anselmo/.dbt', 'debug': 'False', 'version_check': 'True', 'log_path': 'logs', 'warn_error': 'None', 'fail_fast': 'False', 'use_colors': 'True', 'use_experimental_parser': 'False', 'no_print': 'None', 'quiet': 'False', 'empty': 'None', 'warn_error_options': 'WarnErrorOptions(include=[], exclude=[])', 'invocation_command': 'dbt init dbt_olist', 'log_format': 'default', 'introspect': 'True', 'target_path': 'None', 'static_parser': 'True', 'send_anonymous_usage_stats': 'True'}
[0m11:20:02.429403 [debug] [MainThread]: Starter project path: /Users/Anselmo/dbt/lib/python3.11/site-packages/dbt/include/starter_project
[0m11:20:02.447925 [info ] [MainThread]: 
Your new dbt project "dbt_olist" was created!

For more information on how to configure the profiles.yml file,
please consult the dbt documentation here:

  https://docs.getdbt.com/docs/configure-your-profile

One more thing:

Need help? Don't hesitate to reach out to us via GitHub issues or on Slack:

  https://community.getdbt.com/

Happy modeling!

[0m11:20:02.448720 [info ] [MainThread]: Setting up your profile.
[0m11:20:06.953298 [debug] [MainThread]: Resource report: {"command_name": "init", "command_success": true, "command_wall_clock_time": 4.6932483, "process_in_blocks": "0", "process_kernel_time": 0.49656, "process_mem_max_rss": "91193344", "process_out_blocks": "0", "process_user_time": 2.103625}
[0m11:20:06.954133 [debug] [MainThread]: Command `dbt init` succeeded at 11:20:06.953935 after 4.69 seconds
[0m11:20:06.954769 [debug] [MainThread]: Sending event: {'category': 'dbt', 'action': 'invocation', 'label': 'end', 'context': [<snowplow_tracker.self_describing_json.SelfDescribingJson object at 0x10951fa90>, <snowplow_tracker.self_describing_json.SelfDescribingJson object at 0x10951f910>, <snowplow_tracker.self_describing_json.SelfDescribingJson object at 0x1092a5590>]}
[0m11:20:06.955366 [debug] [MainThread]: Flushing usage events
[0m11:20:08.573919 [debug] [MainThread]: An error was encountered while trying to flush usage events
